[2026-07-12 20:35:44] [INFO] Products added: OGSUN Mache Lakay - 0 new
[2026-07-12 20:40:42] Products added: 0 new, 0 skipped
[2026-07-13 20:21:45] Pwodwi voye sou OGSUN Mache Lakay: 0 nouvo
[2026-07-13 20:22:24] Pwodwi voye sou OGSUN Mache Lakay: 0 nouvo
[2026-07-13 20:33:59] Pwodwi efase: Chemiz Brode
[2026-07-13 20:35:23] Pwodwi efase: Tablo Dekoratif
[2026-07-13 20:36:25] Pwodwi voye: 2 nouvo
[2026-07-13 20:59:15] Pwodwi ajoute: lumière chambre
[2026-07-13 21:01:11] Pwodwi voye: 2 nouvo
[2026-07-13 21:01:42] Pwodwi voye: 1 nouvo
[2026-07-13 21:04:16] Pwodwi efase: Siwo Myel Natirel
[2026-07-13 21:06:49] Pwodwi voye: 0 nouvo
[2026-07-13 21:06:49] Auto-run konple
[2026-07-19 07:15:04] Pwodwi efase: Boutey Resikle
[2026-07-19 07:15:19] Pwodwi efase: lumière chambre
[2026-07-19 07:18:17] Pwodwi ajoute: manmi ney sirop
[2026-07-19 07:21:39] Pwodwi ajoute: AIR FORCE CUSTUME DICK
[2026-07-19 07:23:34] Pwodwi ajoute: AIR FORCE CUSTUM HALLOWEN
[2026-07-19 07:25:37] Pwodwi ajoute: AIR FORCE CUSTUM
[2026-07-19 07:28:26] Pwodwi ajoute: mirroir de chambre
[2026-07-19 07:30:50] Pwodwi ajoute: lumiere de chambre
[2026-07-19 07:32:21] Pwodwi voye: 11 nouvo
[2026-07-19 07:32:21] Auto-run konple
[2026-07-19 12:37:53] Pwodwi voye: 11 nouvo
[2026-07-19 12:37:54] Auto-run konple
[2026-07-19 16:37:34] Pwodwi voye: 11 nouvo
[2026-07-19 16:37:34] Auto-run konple
[2026-07-19 17:31:19] Pwodwi voye: 11 nouvo
[2026-07-19 17:31:20] Auto-run konple
